1221/tigerAnMono/unityLibrary/build/intermediates/manifest_merge_blame_file/debug/manifest-merger-blame-debug-report.txt
1<?xml version="1.0" encoding="utf-8"?>
2<manifest xmlns:android="http://schemas.android.com/apk/res/android"
3    xmlns:tools="http://schemas.android.com/tools"
4    package="com.unity3d.player" >
5
6    <uses-sdk
7        android:minSdkVersion="22"
7-->src/main/AndroidManifest.xml
8        android:targetSdkVersion="32" />
8-->src/main/AndroidManifest.xml
9
10    <uses-feature android:glEsVersion="0x00030000" />
10-->src/main/AndroidManifest.xml:18:3-52
10-->src/main/AndroidManifest.xml:18:17-49
11    <uses-feature
11-->src/main/AndroidManifest.xml:19:3-91
12        android:name="android.hardware.vulkan.version"
12-->src/main/AndroidManifest.xml:19:17-63
13        android:required="false" />
13-->src/main/AndroidManifest.xml:19:64-88
14
15    <uses-permission android:name="android.permission.INTERNET" />
15-->src/main/AndroidManifest.xml:20:3-65
15-->src/main/AndroidManifest.xml:20:20-62
16    <uses-permission android:name="android.permission.ACCESS_NETWORK_STATE" />
16-->src/main/AndroidManifest.xml:21:3-77
16-->src/main/AndroidManifest.xml:21:20-74
17
18    <uses-feature
18-->src/main/AndroidManifest.xml:22:3-88
19        android:name="android.hardware.touchscreen"
19-->src/main/AndroidManifest.xml:22:17-60
20        android:required="false" />
20-->src/main/AndroidManifest.xml:22:61-85
21    <uses-feature
21-->src/main/AndroidManifest.xml:23:3-99
22        android:name="android.hardware.touchscreen.multitouch"
22-->src/main/AndroidManifest.xml:23:17-71
23        android:required="false" />
23-->src/main/AndroidManifest.xml:23:72-96
24    <uses-feature
24-->src/main/AndroidManifest.xml:24:3-108
25        android:name="android.hardware.touchscreen.multitouch.distinct"
25-->src/main/AndroidManifest.xml:24:17-80
26        android:required="false" />
26-->src/main/AndroidManifest.xml:24:81-105
27
28    <application
28-->src/main/AndroidManifest.xml:3:3-17:17
29        android:extractNativeLibs="true"
29-->src/main/AndroidManifest.xml:3:16-48
30        android:theme="@style/UnityThemeSelector.Translucent" >
30-->src/main/AndroidManifest.xml:3:49-102
31        <activity
31-->src/main/AndroidManifest.xml:4:5-11:16
32            android:name="com.unity3d.player.UnityPlayerActivity"
32-->src/main/AndroidManifest.xml:4:15-68
33            android:configChanges="mcc|mnc|locale|touchscreen|keyboard|keyboardHidden|navigation|orientation|screenLayout|uiMode|screenSize|smallestScreenSize|fontScale|layoutDirection|density"
33-->src/main/AndroidManifest.xml:4:138-319
34            android:exported="true"
34-->src/main/AndroidManifest.xml:4:445-468
35            android:hardwareAccelerated="false"
35-->src/main/AndroidManifest.xml:4:409-444
36            android:launchMode="singleTask"
36-->src/main/AndroidManifest.xml:4:106-137
37            android:resizeableActivity="false"
37-->src/main/AndroidManifest.xml:4:320-354
38            android:screenOrientation="fullUser"
38-->src/main/AndroidManifest.xml:4:69-105
39            android:theme="@style/UnityThemeSelector.Translucent" >
39-->src/main/AndroidManifest.xml:4:355-408
40            <intent-filter>
40-->src/main/AndroidManifest.xml:5:7-8:23
41                <action android:name="android.intent.action.MAIN" />
41-->src/main/AndroidManifest.xml:6:9-61
41-->src/main/AndroidManifest.xml:6:17-58
42
43                <category android:name="android.intent.category.LAUNCHER" />
43-->src/main/AndroidManifest.xml:7:9-69
43-->src/main/AndroidManifest.xml:7:19-66
44            </intent-filter>
45
46            <meta-data
46-->src/main/AndroidManifest.xml:9:7-82
47                android:name="unityplayer.UnityActivity"
47-->src/main/AndroidManifest.xml:9:18-58
48                android:value="true" />
48-->src/main/AndroidManifest.xml:9:59-79
49            <meta-data
49-->src/main/AndroidManifest.xml:10:7-78
50                android:name="android.notch_support"
50-->src/main/AndroidManifest.xml:10:18-54
51                android:value="true" />
51-->src/main/AndroidManifest.xml:10:55-75
52        </activity>
53
54        <meta-data
54-->src/main/AndroidManifest.xml:12:5-69
55            android:name="unity.splash-mode"
55-->src/main/AndroidManifest.xml:12:16-48
56            android:value="0" />
56-->src/main/AndroidManifest.xml:12:49-66
57        <meta-data
57-->src/main/AndroidManifest.xml:13:5-74
58            android:name="unity.splash-enable"
58-->src/main/AndroidManifest.xml:13:16-50
59            android:value="True" />
59-->src/main/AndroidManifest.xml:13:51-71
60        <meta-data
60-->src/main/AndroidManifest.xml:14:5-78
61            android:name="unity.launch-fullscreen"
61-->src/main/AndroidManifest.xml:14:16-54
62            android:value="True" />
62-->src/main/AndroidManifest.xml:14:55-75
63        <meta-data
63-->src/main/AndroidManifest.xml:15:5-84
64            android:name="unity.allow-resizable-window"
64-->src/main/AndroidManifest.xml:15:16-59
65            android:value="False" />
65-->src/main/AndroidManifest.xml:15:60-81
66        <meta-data
66-->src/main/AndroidManifest.xml:16:5-81
67            android:name="notch.config"
67-->src/main/AndroidManifest.xml:16:16-43
68            android:value="portrait|landscape" />
68-->src/main/AndroidManifest.xml:16:44-78
69    </application>
70
71</manifest>